<?xml version="1.0" encoding="UTF-8"?>
<!-- Generated by org.testng.reporters.JUnitXMLReporter -->
<testsuite ignored="3" hostname="LAPTOP-GCJJMKKO" failures="0" tests="2" name="FirefoxTest" time="40.214" errors="0" timestamp="2022-09-27T17:12:07 IST">
  <testcase classname="Bata.Shopchappalsandhandbags" name="@BeforeMethod beforeMethod" time="8.05">
    <failure type="org.openqa.selenium.NoSuchElementException" message="Unable to locate element: //a[@title=&amp;apos;Bata Home&amp;apos;]
For documentation on this error, please visit: https://www.seleniumhq.org/exceptions/no_such_element.html
Build info: version: &amp;apos;3.141.59&amp;apos;, revision: &amp;apos;e82be7d358&amp;apos;, time: &amp;apos;2018-11-14T08:17:03&amp;apos;
System info: host: &amp;apos;LAPTOP-GCJJMKKO&amp;apos;, ip: &amp;apos;192.168.0.104&amp;apos;, os.name: &amp;apos;Windows 11&amp;apos;, os.arch: &amp;apos;amd64&amp;apos;, os.version: &amp;apos;10.0&amp;apos;, java.version: &amp;apos;18.0.1.1&amp;apos;
Driver info: org.openqa.selenium.firefox.FirefoxDriver
Capabilities {acceptInsecureCerts: true, browserName: firefox, browserVersion: 105.0.1, javascriptEnabled: true, moz:accessibilityChecks: false, moz:buildID: 20220922151854, moz:geckodriverVersion: 0.31.0, moz:headless: false, moz:platformVersion: 10.0, moz:processID: 20336, moz:profile: C:\Users\abhij\AppData\Loca..., moz:shutdownTimeout: 60000, moz:useNonSpecCompliantPointerOrigin: false, moz:webdriverClick: true, moz:windowless: false, pageLoadStrategy: normal, platform: WINDOWS, platformName: WINDOWS, proxy: Proxy(), setWindowRect: true, strictFileInteractability: false, timeouts: {implicit: 0, pageLoad: 300000, script: 30000}, unhandledPromptBehavior: dismiss and notify}
Session ID: fb837eb4-2790-4deb-996d-ccbeb3e4a52b
*** Element info: {Using=xpath, value=//a[@title=&amp;apos;Bata Home&amp;apos;]}">
      <![CDATA[org.openqa.selenium.NoSuchElementException: Unable to locate element: //a[@title='Bata Home']
For documentation on this error, please visit: https://www.seleniumhq.org/exceptions/no_such_element.html
Build info: version: '3.141.59', revision: 'e82be7d358', time: '2018-11-14T08:17:03'
System info: host: 'LAPTOP-GCJJMKKO', ip: '192.168.0.104', os.name: 'Windows 11', os.arch: 'amd64', os.version: '10.0', java.version: '18.0.1.1'
Driver info: org.openqa.selenium.firefox.FirefoxDriver
Capabilities {acceptInsecureCerts: true, browserName: firefox, browserVersion: 105.0.1, javascriptEnabled: true, moz:accessibilityChecks: false, moz:buildID: 20220922151854, moz:geckodriverVersion: 0.31.0, moz:headless: false, moz:platformVersion: 10.0, moz:processID: 20336, moz:profile: C:\Users\abhij\AppData\Loca..., moz:shutdownTimeout: 60000, moz:useNonSpecCompliantPointerOrigin: false, moz:webdriverClick: true, moz:windowless: false, pageLoadStrategy: normal, platform: WINDOWS, platformName: WINDOWS, proxy: Proxy(), setWindowRect: true, strictFileInteractability: false, timeouts: {implicit: 0, pageLoad: 300000, script: 30000}, unhandledPromptBehavior: dismiss and notify}
Session ID: fb837eb4-2790-4deb-996d-ccbeb3e4a52b
*** Element info: {Using=xpath, value=//a[@title='Bata Home']}
at org.openqa.selenium.remote.http.W3CHttpResponseCodec.createException(W3CHttpResponseCodec.java:187)
at org.openqa.selenium.remote.http.W3CHttpResponseCodec.decode(W3CHttpResponseCodec.java:122)
at org.openqa.selenium.remote.http.W3CHttpResponseCodec.decode(W3CHttpResponseCodec.java:49)
at org.openqa.selenium.remote.HttpCommandExecutor.execute(HttpCommandExecutor.java:158)
at org.openqa.selenium.remote.service.DriverCommandExecutor.execute(DriverCommandExecutor.java:83)
at org.openqa.selenium.remote.RemoteWebDriver.execute(RemoteWebDriver.java:552)
at org.openqa.selenium.remote.RemoteWebDriver.findElement(RemoteWebDriver.java:323)
at org.openqa.selenium.remote.RemoteWebDriver.findElementByXPath(RemoteWebDriver.java:428)
at org.openqa.selenium.By$ByXPath.findElement(By.java:353)
at org.openqa.selenium.remote.RemoteWebDriver.findElement(RemoteWebDriver.java:315)
at org.openqa.selenium.support.pagefactory.DefaultElementLocator.findElement(DefaultElementLocator.java:69)
at org.openqa.selenium.support.pagefactory.internal.LocatingElementHandler.invoke(LocatingElementHandler.java:38)
at jdk.proxy2/jdk.proxy2.$Proxy17.click(Unknown Source)
at Bata.ChappalsandHandBags.clicktologo(ChappalsandHandBags.java:29)
at Bata.Shopchappalsandhandbags.beforeMethod(Shopchappalsandhandbags.java:54)
at java.base/java.util.ArrayList.forEach(ArrayList.java:1511)
... Removed 32 stack frames]]>
    </failure>
  </testcase> <!-- @BeforeMethod beforeMethod -->
  <testcase classname="Bata.Shopchappalsandhandbags" name="@AfterMethod afterMethod" time="-1.664278909563E9">
    <skipped/>
  </testcase> <!-- @AfterMethod afterMethod -->
  <testcase classname="Bata.Shopchappalsandhandbags" name="@AfterClass afterClass" time="-1.664278909568E9">
    <skipped/>
  </testcase> <!-- @AfterClass afterClass -->
  <testcase classname="Bata.Shopchappalsandhandbags" name="@AfterTest afterTest" time="-1.664278927209E9">
    <skipped/>
  </testcase> <!-- @AfterTest afterTest -->
  <testcase classname="Bata.shopbagandshoesandbelts" name="@AfterTest afterTest" time="-1.66427892721E9">
    <skipped/>
  </testcase> <!-- @AfterTest afterTest -->
  <testcase classname="Bata.Shopchappalsandhandbags" name="buyHandBags" time="0.0">
    <skipped/>
  </testcase> <!-- buyHandBags -->
  <testcase classname="Bata.shopbagandshoesandbelts" name="buyBelts" time="8.664"/>
  <testcase classname="Bata.shopbagandshoesandbelts" name="buyBag" time="0.0">
    <ignored/>
  </testcase> <!-- buyBag -->
  <testcase classname="Bata.shopbagandshoesandbelts" name="buyShoes" time="0.0">
    <ignored/>
  </testcase> <!-- buyShoes -->
  <testcase classname="Bata.Shopchappalsandhandbags" name="buyChappals" time="0.0">
    <ignored/>
  </testcase> <!-- buyChappals -->
</testsuite> <!-- FirefoxTest -->
