<?xml version="1.0" encoding="UTF-8"?>
<testng-results ignored="0" total="3" passed="1" failed="2" skipped="0">
  <reporter-output>
  </reporter-output>
  <suite started-at="2022-10-11T21:16:01 IST" name="Shopping" finished-at="2022-10-11T21:16:43 IST" duration-ms="41622">
    <groups>
    </groups>
    <test started-at="2022-10-11T21:16:01 IST" name="ChromeTest" finished-at="2022-10-11T21:16:43 IST" duration-ms="41622">
      <class name="Bata.shopbagandshoesandbelts">
        <test-method is-config="true" signature="launchBrowser(java.lang.String)[pri:0, instance:Bata.shopbagandshoesandbelts@2a798d51]" started-at="2022-10-11T21:16:01 IST" name="launchBrowser" finished-at="2022-10-11T21:16:08 IST" duration-ms="6287" status="PASS">
          <params>
            <param index="0">
              <value>
                <![CDATA[Chrome]]>
              </value>
            </param>
          </params>
          <reporter-output>
          </reporter-output>
        </test-method> <!-- launchBrowser -->
        <test-method is-config="true" signature="beforeClass()[pri:0, instance:Bata.shopbagandshoesandbelts@2a798d51]" started-at="2022-10-11T21:16:08 IST" name="beforeClass" finished-at="2022-10-11T21:16:10 IST" duration-ms="2497" status="PASS">
          <reporter-output>
          </reporter-output>
        </test-method> <!-- beforeClass -->
        <test-method is-config="true" signature="beforeMethod()[pri:0, instance:Bata.shopbagandshoesandbelts@2a798d51]" started-at="2022-10-11T21:16:10 IST" name="beforeMethod" finished-at="2022-10-11T21:16:12 IST" duration-ms="1460" status="PASS">
          <reporter-output>
          </reporter-output>
        </test-method> <!-- beforeMethod -->
        <test-method signature="buyBag()[pri:0, instance:Bata.shopbagandshoesandbelts@2a798d51]" started-at="2022-10-11T21:16:12 IST" name="buyBag" finished-at="2022-10-11T21:16:17 IST" duration-ms="5857" status="FAIL">
          <exception class="java.lang.AssertionError">
            <message>
              <![CDATA[null]]>
            </message>
            <full-stacktrace>
              <![CDATA[java.lang.AssertionError: null
at org.testng.Assert.fail(Assert.java:99)
at org.testng.Assert.fail(Assert.java:106)
at Bata.shopbagandshoesandbelts.buyBag(shopbagandshoesandbelts.java:88)
at java.base/jdk.internal.reflect.DirectMethodHandleAccessor.invoke(DirectMethodHandleAccessor.java:104)
at java.base/java.lang.reflect.Method.invoke(Method.java:577)
at org.testng.internal.MethodInvocationHelper.invokeMethod(MethodInvocationHelper.java:133)
at org.testng.internal.TestInvoker.invokeMethod(TestInvoker.java:598)
at org.testng.internal.TestInvoker.invokeTestMethod(TestInvoker.java:173)
at org.testng.internal.MethodRunner.runInSequence(MethodRunner.java:46)
at org.testng.internal.TestInvoker$MethodInvocationAgent.invoke(TestInvoker.java:824)
at org.testng.internal.TestInvoker.invokeTestMethods(TestInvoker.java:146)
at org.testng.internal.TestMethodWorker.invokeTestMethods(TestMethodWorker.java:146)
at org.testng.internal.TestMethodWorker.run(TestMethodWorker.java:128)
at java.base/java.util.concurrent.ThreadPoolExecutor.runWorker(ThreadPoolExecutor.java:1136)
at java.base/java.util.concurrent.ThreadPoolExecutor$Worker.run(ThreadPoolExecutor.java:635)
at java.base/java.lang.Thread.run(Thread.java:833)
]]>
            </full-stacktrace>
          </exception> <!-- java.lang.AssertionError -->
          <reporter-output>
          </reporter-output>
        </test-method> <!-- buyBag -->
        <test-method is-config="true" signature="afterMethod(org.testng.ITestResult)[pri:0, instance:Bata.shopbagandshoesandbelts@2a798d51]" started-at="2022-10-11T21:16:17 IST" name="afterMethod" finished-at="2022-10-11T21:16:18 IST" duration-ms="459" status="PASS">
          <params>
            <param index="0">
              <value>
                <![CDATA[[TestResult name=buyBag status=FAILURE method=shopbagandshoesandbelts.buyBag()[pri:0, instance:Bata.shopbagandshoesandbelts@2a798d51] output={null}]]]>
              </value>
            </param>
          </params>
          <reporter-output>
          </reporter-output>
        </test-method> <!-- afterMethod -->
        <test-method is-config="true" signature="beforeMethod()[pri:0, instance:Bata.shopbagandshoesandbelts@2a798d51]" started-at="2022-10-11T21:16:18 IST" name="beforeMethod" finished-at="2022-10-11T21:16:19 IST" duration-ms="1231" status="PASS">
          <reporter-output>
          </reporter-output>
        </test-method> <!-- beforeMethod -->
        <test-method signature="buyBelts()[pri:0, instance:Bata.shopbagandshoesandbelts@2a798d51]" started-at="2022-10-11T21:16:19 IST" name="buyBelts" finished-at="2022-10-11T21:16:23 IST" duration-ms="3824" status="FAIL">
          <exception class="org.openqa.selenium.ElementClickInterceptedException">
            <message>
              <![CDATA[element click intercepted: Element <img src="data:image/gif;base64,R0lGODlhAQABAIAAAP///wAAACH5BAEAAAAALAAAAAABAAEAAAICRAEAOw==" data-src="https://www.bata.in/dw/image/v2/BCLG_PRD/on/demandware.static/-/Sites-bata-in-master-catalog/default/dw23456480/images/tile/9640203_1.jpeg?sw=330" alt="Bata Multi Belt For Men" title="Bata Multi Belt For Men" class=" b-lazyload_loaded"> is not clickable at point (528, 535). Other element would receive the click: <img src="data:image/gif;base64,R0lGODlhAQABAIAAAP///wAAACH5BAEAAAAALAAAAAABAAEAAAICRAEAOw==" data-src="https://www.bata.in/dw/image/v2/BCLG_PRD/on/demandware.static/-/Sites-bata-in-master-catalog/default/dwb29bfba1/images/tile/9640203_2.jpeg?sw=330" alt="Bata Multi Belt For Men" title="Bata Multi Belt For Men" class=" b-lazyload_loaded">
  (Session info: chrome=106.0.5249.103)
Build info: version: '3.141.59', revision: 'e82be7d358', time: '2018-11-14T08:17:03'
System info: host: 'LAPTOP-GCJJMKKO', ip: '192.168.0.104', os.name: 'Windows 11', os.arch: 'amd64', os.version: '10.0', java.version: '18.0.1.1'
Driver info: org.openqa.selenium.chrome.ChromeDriver
Capabilities {acceptInsecureCerts: false, browserName: chrome, browserVersion: 106.0.5249.103, chrome: {chromedriverVersion: 105.0.5195.52 (412c95e51883..., userDataDir: C:\Users\abhij\AppData\Loca...}, goog:chromeOptions: {debuggerAddress: localhost:61677}, javascriptEnabled: true, networkConnectionEnabled: false, pageLoadStrategy: normal, platform: WINDOWS, platformName: WINDOWS, proxy: Proxy(), setWindowRect: true, strictFileInteractability: false, timeouts: {implicit: 0, pageLoad: 300000, script: 30000}, unhandledPromptBehavior: dismiss and notify, webauthn:extension:credBlob: true, webauthn:extension:largeBlob: true, webauthn:virtualAuthenticators: true}
Session ID: 359a40fc5cf33e163c41846cf9494b17]]>
            </message>
            <full-stacktrace>
              <![CDATA[org.openqa.selenium.ElementClickInterceptedException: element click intercepted: Element <img src="data:image/gif;base64,R0lGODlhAQABAIAAAP///wAAACH5BAEAAAAALAAAAAABAAEAAAICRAEAOw==" data-src="https://www.bata.in/dw/image/v2/BCLG_PRD/on/demandware.static/-/Sites-bata-in-master-catalog/default/dw23456480/images/tile/9640203_1.jpeg?sw=330" alt="Bata Multi Belt For Men" title="Bata Multi Belt For Men" class=" b-lazyload_loaded"> is not clickable at point (528, 535). Other element would receive the click: <img src="data:image/gif;base64,R0lGODlhAQABAIAAAP///wAAACH5BAEAAAAALAAAAAABAAEAAAICRAEAOw==" data-src="https://www.bata.in/dw/image/v2/BCLG_PRD/on/demandware.static/-/Sites-bata-in-master-catalog/default/dwb29bfba1/images/tile/9640203_2.jpeg?sw=330" alt="Bata Multi Belt For Men" title="Bata Multi Belt For Men" class=" b-lazyload_loaded">
  (Session info: chrome=106.0.5249.103)
Build info: version: '3.141.59', revision: 'e82be7d358', time: '2018-11-14T08:17:03'
System info: host: 'LAPTOP-GCJJMKKO', ip: '192.168.0.104', os.name: 'Windows 11', os.arch: 'amd64', os.version: '10.0', java.version: '18.0.1.1'
Driver info: org.openqa.selenium.chrome.ChromeDriver
Capabilities {acceptInsecureCerts: false, browserName: chrome, browserVersion: 106.0.5249.103, chrome: {chromedriverVersion: 105.0.5195.52 (412c95e51883..., userDataDir: C:\Users\abhij\AppData\Loca...}, goog:chromeOptions: {debuggerAddress: localhost:61677}, javascriptEnabled: true, networkConnectionEnabled: false, pageLoadStrategy: normal, platform: WINDOWS, platformName: WINDOWS, proxy: Proxy(), setWindowRect: true, strictFileInteractability: false, timeouts: {implicit: 0, pageLoad: 300000, script: 30000}, unhandledPromptBehavior: dismiss and notify, webauthn:extension:credBlob: true, webauthn:extension:largeBlob: true, webauthn:virtualAuthenticators: true}
Session ID: 359a40fc5cf33e163c41846cf9494b17
at java.base/jdk.internal.reflect.DirectConstructorHandleAccessor.newInstance(DirectConstructorHandleAccessor.java:67)
at java.base/java.lang.reflect.Constructor.newInstanceWithCaller(Constructor.java:499)
at java.base/java.lang.reflect.Constructor.newInstance(Constructor.java:483)
at org.openqa.selenium.remote.http.W3CHttpResponseCodec.createException(W3CHttpResponseCodec.java:187)
at org.openqa.selenium.remote.http.W3CHttpResponseCodec.decode(W3CHttpResponseCodec.java:122)
at org.openqa.selenium.remote.http.W3CHttpResponseCodec.decode(W3CHttpResponseCodec.java:49)
at org.openqa.selenium.remote.HttpCommandExecutor.execute(HttpCommandExecutor.java:158)
at org.openqa.selenium.remote.service.DriverCommandExecutor.execute(DriverCommandExecutor.java:83)
at org.openqa.selenium.remote.RemoteWebDriver.execute(RemoteWebDriver.java:552)
at org.openqa.selenium.remote.RemoteWebElement.execute(RemoteWebElement.java:285)
at org.openqa.selenium.remote.RemoteWebElement.click(RemoteWebElement.java:84)
at java.base/jdk.internal.reflect.DirectMethodHandleAccessor.invoke(DirectMethodHandleAccessor.java:104)
at java.base/java.lang.reflect.Method.invoke(Method.java:577)
at org.openqa.selenium.support.pagefactory.internal.LocatingElementHandler.invoke(LocatingElementHandler.java:51)
at jdk.proxy2/jdk.proxy2.$Proxy18.click(Unknown Source)
at Bata.BeltsInfo.clicktobelts(BeltsInfo.java:30)
at Bata.shopbagandshoesandbelts.buyBelts(shopbagandshoesandbelts.java:97)
at java.base/jdk.internal.reflect.DirectMethodHandleAccessor.invoke(DirectMethodHandleAccessor.java:104)
at java.base/java.lang.reflect.Method.invoke(Method.java:577)
at org.testng.internal.MethodInvocationHelper.invokeMethod(MethodInvocationHelper.java:133)
at org.testng.internal.TestInvoker.invokeMethod(TestInvoker.java:598)
at org.testng.internal.TestInvoker.invokeTestMethod(TestInvoker.java:173)
at org.testng.internal.MethodRunner.runInSequence(MethodRunner.java:46)
at org.testng.internal.TestInvoker$MethodInvocationAgent.invoke(TestInvoker.java:824)
at org.testng.internal.TestInvoker.invokeTestMethods(TestInvoker.java:146)
at org.testng.internal.TestMethodWorker.invokeTestMethods(TestMethodWorker.java:146)
at org.testng.internal.TestMethodWorker.run(TestMethodWorker.java:128)
at java.base/java.util.concurrent.ThreadPoolExecutor.runWorker(ThreadPoolExecutor.java:1136)
at java.base/java.util.concurrent.ThreadPoolExecutor$Worker.run(ThreadPoolExecutor.java:635)
at java.base/java.lang.Thread.run(Thread.java:833)
]]>
            </full-stacktrace>
          </exception> <!-- org.openqa.selenium.ElementClickInterceptedException -->
          <reporter-output>
          </reporter-output>
        </test-method> <!-- buyBelts -->
        <test-method is-config="true" signature="afterMethod(org.testng.ITestResult)[pri:0, instance:Bata.shopbagandshoesandbelts@2a798d51]" started-at="2022-10-11T21:16:23 IST" name="afterMethod" finished-at="2022-10-11T21:16:23 IST" duration-ms="425" status="PASS">
          <params>
            <param index="0">
              <value>
                <![CDATA[[TestResult name=buyBelts status=FAILURE method=shopbagandshoesandbelts.buyBelts()[pri:0, instance:Bata.shopbagandshoesandbelts@2a798d51] output={null}]]]>
              </value>
            </param>
          </params>
          <reporter-output>
          </reporter-output>
        </test-method> <!-- afterMethod -->
        <test-method is-config="true" signature="beforeMethod()[pri:0, instance:Bata.shopbagandshoesandbelts@2a798d51]" started-at="2022-10-11T21:16:23 IST" name="beforeMethod" finished-at="2022-10-11T21:16:25 IST" duration-ms="1112" status="PASS">
          <reporter-output>
          </reporter-output>
        </test-method> <!-- beforeMethod -->
        <test-method signature="buyShoes()[pri:0, instance:Bata.shopbagandshoesandbelts@2a798d51]" started-at="2022-10-11T21:16:25 IST" name="buyShoes" finished-at="2022-10-11T21:16:30 IST" duration-ms="5527" status="PASS">
          <reporter-output>
          </reporter-output>
        </test-method> <!-- buyShoes -->
        <test-method is-config="true" signature="afterMethod(org.testng.ITestResult)[pri:0, instance:Bata.shopbagandshoesandbelts@2a798d51]" started-at="2022-10-11T21:16:30 IST" name="afterMethod" finished-at="2022-10-11T21:16:30 IST" duration-ms="303" status="PASS">
          <params>
            <param index="0">
              <value>
                <![CDATA[[TestResult name=buyShoes status=SUCCESS method=shopbagandshoesandbelts.buyShoes()[pri:0, instance:Bata.shopbagandshoesandbelts@2a798d51] output={null}]]]>
              </value>
            </param>
          </params>
          <reporter-output>
          </reporter-output>
        </test-method> <!-- afterMethod -->
        <test-method is-config="true" signature="afterClass()[pri:0, instance:Bata.shopbagandshoesandbelts@2a798d51]" started-at="2022-10-11T21:16:30 IST" name="afterClass" finished-at="2022-10-11T21:16:40 IST" duration-ms="10117" status="PASS">
          <reporter-output>
          </reporter-output>
        </test-method> <!-- afterClass -->
        <test-method is-config="true" signature="afterTest()[pri:0, instance:Bata.shopbagandshoesandbelts@2a798d51]" started-at="2022-10-11T21:16:41 IST" name="afterTest" finished-at="2022-10-11T21:16:43 IST" duration-ms="2456" status="PASS">
          <reporter-output>
          </reporter-output>
        </test-method> <!-- afterTest -->
      </class> <!-- Bata.shopbagandshoesandbelts -->
    </test> <!-- ChromeTest -->
  </suite> <!-- Shopping -->
</testng-results>
